<?xml version="1.0" encoding="UTF-8"?>
<!-- Generated by org.testng.reporters.JUnitXMLReporter -->
<testsuite hostname="DESKTOP-OHRQ1SA" ignored="0" name="Api_Automation" tests="1" failures="1" timestamp="06 Feb 2018 11:46:00 GMT" time="14.161" errors="0">
  <testcase name="Automation_test_PUT" time="13.66" classname="test.java.Api_Automation_PUT">
    <failure type="java.lang.AssertionError" message="expected [401] but found [200]">
      <![CDATA[java.lang.AssertionError: expected [401] but found [200]at main.utils.ApiRequestHandler.callApi(ApiRequestHandler.java:104)at test.java.Api_Automation_PUT.Automation_test_PUT(Api_Automation_PUT.java:44)... Removed 31 stack frames]]>
    </failure>
  </testcase> <!-- Automation_test_PUT -->
</testsuite> <!-- Api_Automation -->
