<?xml version="1.0" encoding="UTF-8"?>
<testng-results skipped="0" failed="0" ignored="0" total="1" passed="1">
  <reporter-output>
  </reporter-output>
  <suite name="Default suite" duration-ms="3669" started-at="2019-03-12T09:40:35Z" finished-at="2019-03-12T09:40:39Z">
    <groups>
    </groups>
    <test name="Default test" duration-ms="3669" started-at="2019-03-12T09:40:35Z" finished-at="2019-03-12T09:40:39Z">
      <class name="test.modules.profile.AddressTest">
        <test-method status="PASS" signature="setUp()[pri:0, instance:test.modules.profile.AddressTest@25bbe1b6]" name="setUp" is-config="true" duration-ms="594" started-at="2019-03-12T09:40:35Z" finished-at="2019-03-12T09:40:35Z">
          <reporter-output>
          </reporter-output>
        </test-method> <!-- setUp -->
        <test-method status="PASS" signature="verify_AddressApi()[pri:0, instance:test.modules.profile.AddressTest@25bbe1b6]" name="verify_AddressApi" duration-ms="3049" started-at="2019-03-12T09:40:35Z" finished-at="2019-03-12T09:40:39Z">
          <reporter-output>
          </reporter-output>
        </test-method> <!-- verify_AddressApi -->
        <test-method status="PASS" signature="getJsonElement()[pri:0, instance:test.modules.profile.AddressTest@25bbe1b6]" name="getJsonElement" is-config="true" duration-ms="1" started-at="2019-03-12T09:40:39Z" finished-at="2019-03-12T09:40:39Z">
          <reporter-output>
          </reporter-output>
        </test-method> <!-- getJsonElement -->
      </class> <!-- test.modules.profile.AddressTest -->
    </test> <!-- Default test -->
  </suite> <!-- Default suite -->
</testng-results>
